[2022-02-23T11:39:12.741] [ERROR] katalon - Please specify 'email' property in agentconfig.
[2022-02-23T11:39:12.742] [ERROR] katalon - Please specify 'apikey' property in agentconfig.
[2022-02-23T11:39:12.742] [ERROR] katalon - Please specify 'serverUrl' property in agentconfig.
[2022-02-23T11:39:12.742] [ERROR] katalon - Please specify 'teamId' property in agentconfig.
[2022-02-23T11:39:13.411] [ERROR] katalon - { message: 'Request failed with status code 401',
  name: 'Error',
  description: undefined,
  number: undefined,
  fileName: undefined,
  lineNumber: undefined,
  columnNumber: undefined,
  stack:
   'Error: Request failed with status code 401\n    at createError (D:\\snapshot\\katalon-agent\\node_modules\\axios\\lib\\core\\createError.js:16:15)\n    at settle (D:\\snapshot\\katalon-agent\\node_modules\\axios\\lib\\core\\settle.js:17:12)\n    at IncomingMessage.handleStreamEnd (D:\\snapshot\\katalon-agent\\node_modules\\axios\\lib\\adapters\\http.js:260:11)\n    at IncomingMessage.emit (events.js:203:15)\n    at endReadableNT (_stream_readable.js:1145:12)\n    at process._tickCallback (internal/process/next_tick.js:63:19)',
  config:
   { url: 'https://testops.katalon.io/api/v1/jobs/get-job',
     method: 'get',
     data: null,
     headers:
      { Accept: 'application/json, text/plain, */*',
        Authorization: 'Basic Og==',
        'User-Agent': 'axios/0.21.1' },
     proxy: null,
     params:
      { uuid: '1645634353111-b2fa7306-86e1-44c2-b3a6-0c206ae6b3b7',
        teamId: undefined },
     transformRequest: [ [Function: transformRequest] ],
     transformResponse: [ [Function: transformResponse] ],
     timeout: 60000,
     adapter: [Function: httpAdapter],
     xsrfCookieName: 'XSRF-TOKEN',
     xsrfHeaderName: 'X-XSRF-TOKEN',
     maxContentLength: -1,
     maxBodyLength: -1,
     httpsAgent:
      Agent {
        _events: [Object],
        _eventsCount: 1,
        _maxListeners: undefined,
        defaultPort: 443,
        protocol: 'https:',
        options: [Object],
        requests: {},
        sockets: {},
        freeSockets: [Object],
        keepAliveMsecs: 1000,
        keepAlive: true,
        maxSockets: Infinity,
        maxFreeSockets: 256,
        maxCachedSessions: 100,
        _sessionCache: [Object] },
     validateStatus: [Function: validateStatus] },
  code: undefined }
[2022-02-23T11:39:13.417] [ERROR] katalon - { message: 'Request failed with status code 401',
  name: 'Error',
  description: undefined,
  number: undefined,
  fileName: undefined,
  lineNumber: undefined,
  columnNumber: undefined,
  stack:
   'Error: Request failed with status code 401\n    at createError (D:\\snapshot\\katalon-agent\\node_modules\\axios\\lib\\core\\createError.js:16:15)\n    at settle (D:\\snapshot\\katalon-agent\\node_modules\\axios\\lib\\core\\settle.js:17:12)\n    at IncomingMessage.handleStreamEnd (D:\\snapshot\\katalon-agent\\node_modules\\axios\\lib\\adapters\\http.js:260:11)\n    at IncomingMessage.emit (events.js:203:15)\n    at endReadableNT (_stream_readable.js:1145:12)\n    at process._tickCallback (internal/process/next_tick.js:63:19)',
  config:
   { url: 'https://testops.katalon.io/api/v1/jobs/get-job',
     method: 'get',
     data: null,
     headers:
      { Accept: 'application/json, text/plain, */*',
        Authorization: 'Basic Og==',
        'User-Agent': 'axios/0.21.1' },
     proxy: null,
     params:
      { uuid: '1645634353111-b2fa7306-86e1-44c2-b3a6-0c206ae6b3b7',
        teamId: undefined },
     transformRequest: [ [Function: transformRequest] ],
     transformResponse: [ [Function: transformResponse] ],
     timeout: 60000,
     adapter: [Function: httpAdapter],
     xsrfCookieName: 'XSRF-TOKEN',
     xsrfHeaderName: 'X-XSRF-TOKEN',
     maxContentLength: -1,
     maxBodyLength: -1,
     httpsAgent:
      Agent {
        _events: [Object],
        _eventsCount: 1,
        _maxListeners: undefined,
        defaultPort: 443,
        protocol: 'https:',
        options: [Object],
        requests: {},
        sockets: {},
        freeSockets: [Object],
        keepAliveMsecs: 1000,
        keepAlive: true,
        maxSockets: Infinity,
        maxFreeSockets: 256,
        maxCachedSessions: 100,
        _sessionCache: [Object] },
     validateStatus: [Function: validateStatus] },
  code: undefined }
[2022-03-01T01:17:03.525] [ERROR] katalon - { message: 'timeout of 60000ms exceeded',
  name: 'Error',
  description: undefined,
  number: undefined,
  fileName: undefined,
  lineNumber: undefined,
  columnNumber: undefined,
  stack:
   'Error: timeout of 60000ms exceeded\n    at createError (D:\\snapshot\\katalon-agent\\node_modules\\axios\\lib\\core\\createError.js:16:15)\n    at RedirectableRequest.handleRequestTimeout (D:\\snapshot\\katalon-agent\\node_modules\\axios\\lib\\adapters\\http.js:280:16)\n    at Object.onceWrapper (events.js:286:20)\n    at RedirectableRequest.emit (events.js:198:13)\n    at Timeout._onTimeout (D:\\snapshot\\katalon-agent\\node_modules\\follow-redirects\\index.js:166:13)\n    at ontimeout (timers.js:436:11)\n    at tryOnTimeout (timers.js:300:5)\n    at listOnTimeout (timers.js:263:5)\n    at Timer.processTimers (timers.js:223:10)',
  config:
   { url: 'https://analytics.katalon.com/api/v1/jobs/get-job',
     method: 'get',
     data: null,
     headers:
      { Accept: 'application/json, text/plain, */*',
        Authorization: 'Basic OjE3NGJkNzViLTBkNDQtNGY0Yi1iNDIzLWExYzhlNzU4YzBmYw==',
        'User-Agent': 'axios/0.21.1' },
     proxy: null,
     params:
      { uuid: '1645634353111-b2fa7306-86e1-44c2-b3a6-0c206ae6b3b7',
        teamId: '48050' },
     transformRequest: [ [Function: transformRequest] ],
     transformResponse: [ [Function: transformResponse] ],
     timeout: 60000,
     adapter: [Function: httpAdapter],
     xsrfCookieName: 'XSRF-TOKEN',
     xsrfHeaderName: 'X-XSRF-TOKEN',
     maxContentLength: -1,
     maxBodyLength: -1,
     httpsAgent:
      Agent {
        _events: [Object],
        _eventsCount: 1,
        _maxListeners: undefined,
        defaultPort: 443,
        protocol: 'https:',
        options: [Object],
        requests: {},
        sockets: [Object],
        freeSockets: {},
        keepAliveMsecs: 1000,
        keepAlive: true,
        maxSockets: Infinity,
        maxFreeSockets: 256,
        maxCachedSessions: 100,
        _sessionCache: [Object] },
     validateStatus: [Function: validateStatus] },
  code: 'ECONNABORTED' }
[2022-03-01T01:17:04.276] [ERROR] katalon - { message: 'timeout of 60000ms exceeded',
  name: 'Error',
  description: undefined,
  number: undefined,
  fileName: undefined,
  lineNumber: undefined,
  columnNumber: undefined,
  stack:
   'Error: timeout of 60000ms exceeded\n    at createError (D:\\snapshot\\katalon-agent\\node_modules\\axios\\lib\\core\\createError.js:16:15)\n    at RedirectableRequest.handleRequestTimeout (D:\\snapshot\\katalon-agent\\node_modules\\axios\\lib\\adapters\\http.js:280:16)\n    at Object.onceWrapper (events.js:286:20)\n    at RedirectableRequest.emit (events.js:198:13)\n    at Timeout._onTimeout (D:\\snapshot\\katalon-agent\\node_modules\\follow-redirects\\index.js:166:13)\n    at ontimeout (timers.js:436:11)\n    at tryOnTimeout (timers.js:300:5)\n    at listOnTimeout (timers.js:263:5)\n    at Timer.processTimers (timers.js:223:10)',
  config:
   { url: 'https://analytics.katalon.com/api/v1/jobs/get-job',
     method: 'get',
     data: null,
     headers:
      { Accept: 'application/json, text/plain, */*',
        Authorization: 'Basic OjE3NGJkNzViLTBkNDQtNGY0Yi1iNDIzLWExYzhlNzU4YzBmYw==',
        'User-Agent': 'axios/0.21.1' },
     proxy: null,
     params:
      { uuid: '1645634353111-b2fa7306-86e1-44c2-b3a6-0c206ae6b3b7',
        teamId: '48050' },
     transformRequest: [ [Function: transformRequest] ],
     transformResponse: [ [Function: transformResponse] ],
     timeout: 60000,
     adapter: [Function: httpAdapter],
     xsrfCookieName: 'XSRF-TOKEN',
     xsrfHeaderName: 'X-XSRF-TOKEN',
     maxContentLength: -1,
     maxBodyLength: -1,
     httpsAgent:
      Agent {
        _events: [Object],
        _eventsCount: 1,
        _maxListeners: undefined,
        defaultPort: 443,
        protocol: 'https:',
        options: [Object],
        requests: {},
        sockets: [Object],
        freeSockets: {},
        keepAliveMsecs: 1000,
        keepAlive: true,
        maxSockets: Infinity,
        maxFreeSockets: 256,
        maxCachedSessions: 100,
        _sessionCache: [Object] },
     validateStatus: [Function: validateStatus] },
  code: 'ECONNABORTED' }
[2022-03-07T11:46:15.123] [ERROR] katalon - { message: 'timeout of 60000ms exceeded',
  name: 'Error',
  description: undefined,
  number: undefined,
  fileName: undefined,
  lineNumber: undefined,
  columnNumber: undefined,
  stack:
   'Error: timeout of 60000ms exceeded\n    at createError (D:\\snapshot\\katalon-agent\\node_modules\\axios\\lib\\core\\createError.js:16:15)\n    at RedirectableRequest.handleRequestTimeout (D:\\snapshot\\katalon-agent\\node_modules\\axios\\lib\\adapters\\http.js:280:16)\n    at Object.onceWrapper (events.js:286:20)\n    at RedirectableRequest.emit (events.js:198:13)\n    at Timeout._onTimeout (D:\\snapshot\\katalon-agent\\node_modules\\follow-redirects\\index.js:166:13)\n    at ontimeout (timers.js:436:11)\n    at tryOnTimeout (timers.js:300:5)\n    at listOnTimeout (timers.js:263:5)\n    at Timer.processTimers (timers.js:223:10)',
  config:
   { url: 'https://analytics.katalon.com/api/v1/jobs/get-job',
     method: 'get',
     data: null,
     headers:
      { Accept: 'application/json, text/plain, */*',
        Authorization: 'Basic OjE3NGJkNzViLTBkNDQtNGY0Yi1iNDIzLWExYzhlNzU4YzBmYw==',
        'User-Agent': 'axios/0.21.1' },
     proxy: null,
     params:
      { uuid: '1645634353111-b2fa7306-86e1-44c2-b3a6-0c206ae6b3b7',
        teamId: '48050' },
     transformRequest: [ [Function: transformRequest] ],
     transformResponse: [ [Function: transformResponse] ],
     timeout: 60000,
     adapter: [Function: httpAdapter],
     xsrfCookieName: 'XSRF-TOKEN',
     xsrfHeaderName: 'X-XSRF-TOKEN',
     maxContentLength: -1,
     maxBodyLength: -1,
     httpsAgent:
      Agent {
        _events: [Object],
        _eventsCount: 1,
        _maxListeners: undefined,
        defaultPort: 443,
        protocol: 'https:',
        options: [Object],
        requests: {},
        sockets: [Object],
        freeSockets: {},
        keepAliveMsecs: 1000,
        keepAlive: true,
        maxSockets: Infinity,
        maxFreeSockets: 256,
        maxCachedSessions: 100,
        _sessionCache: [Object] },
     validateStatus: [Function: validateStatus] },
  code: 'ECONNABORTED' }
[2022-03-07T11:46:15.135] [ERROR] katalon - { message: 'timeout of 60000ms exceeded',
  name: 'Error',
  description: undefined,
  number: undefined,
  fileName: undefined,
  lineNumber: undefined,
  columnNumber: undefined,
  stack:
   'Error: timeout of 60000ms exceeded\n    at createError (D:\\snapshot\\katalon-agent\\node_modules\\axios\\lib\\core\\createError.js:16:15)\n    at RedirectableRequest.handleRequestTimeout (D:\\snapshot\\katalon-agent\\node_modules\\axios\\lib\\adapters\\http.js:280:16)\n    at Object.onceWrapper (events.js:286:20)\n    at RedirectableRequest.emit (events.js:198:13)\n    at Timeout._onTimeout (D:\\snapshot\\katalon-agent\\node_modules\\follow-redirects\\index.js:166:13)\n    at ontimeout (timers.js:436:11)\n    at tryOnTimeout (timers.js:300:5)\n    at listOnTimeout (timers.js:263:5)\n    at Timer.processTimers (timers.js:223:10)',
  config:
   { url: 'https://analytics.katalon.com/api/v1/jobs/get-job',
     method: 'get',
     data: null,
     headers:
      { Accept: 'application/json, text/plain, */*',
        Authorization: 'Basic OjE3NGJkNzViLTBkNDQtNGY0Yi1iNDIzLWExYzhlNzU4YzBmYw==',
        'User-Agent': 'axios/0.21.1' },
     proxy: null,
     params:
      { uuid: '1645634353111-b2fa7306-86e1-44c2-b3a6-0c206ae6b3b7',
        teamId: '48050' },
     transformRequest: [ [Function: transformRequest] ],
     transformResponse: [ [Function: transformResponse] ],
     timeout: 60000,
     adapter: [Function: httpAdapter],
     xsrfCookieName: 'XSRF-TOKEN',
     xsrfHeaderName: 'X-XSRF-TOKEN',
     maxContentLength: -1,
     maxBodyLength: -1,
     httpsAgent:
      Agent {
        _events: [Object],
        _eventsCount: 1,
        _maxListeners: undefined,
        defaultPort: 443,
        protocol: 'https:',
        options: [Object],
        requests: {},
        sockets: [Object],
        freeSockets: {},
        keepAliveMsecs: 1000,
        keepAlive: true,
        maxSockets: Infinity,
        maxFreeSockets: 256,
        maxCachedSessions: 100,
        _sessionCache: [Object] },
     validateStatus: [Function: validateStatus] },
  code: 'ECONNABORTED' }
[2022-03-07T11:46:15.785] [ERROR] katalon - { message: 'timeout of 60000ms exceeded',
  name: 'Error',
  description: undefined,
  number: undefined,
  fileName: undefined,
  lineNumber: undefined,
  columnNumber: undefined,
  stack:
   'Error: timeout of 60000ms exceeded\n    at createError (D:\\snapshot\\katalon-agent\\node_modules\\axios\\lib\\core\\createError.js:16:15)\n    at RedirectableRequest.handleRequestTimeout (D:\\snapshot\\katalon-agent\\node_modules\\axios\\lib\\adapters\\http.js:280:16)\n    at Object.onceWrapper (events.js:286:20)\n    at RedirectableRequest.emit (events.js:198:13)\n    at Timeout._onTimeout (D:\\snapshot\\katalon-agent\\node_modules\\follow-redirects\\index.js:166:13)\n    at ontimeout (timers.js:436:11)\n    at tryOnTimeout (timers.js:300:5)\n    at listOnTimeout (timers.js:263:5)\n    at Timer.processTimers (timers.js:223:10)',
  config:
   { url: 'https://analytics.katalon.com/api/v1/agent',
     method: 'post',
     data:
      '{"uuid":"1645634353111-b2fa7306-86e1-44c2-b3a6-0c206ae6b3b7","name":"My Agent","teamId":"48050","hostname":"L18-0032","ip":"10.0.0.226","os":"Windows 64","agentVersion":"v1.7.3"}',
     headers:
      { Accept: 'application/json, text/plain, */*',
        'Content-Type': 'application/json;charset=utf-8',
        Authorization: 'Basic OjE3NGJkNzViLTBkNDQtNGY0Yi1iNDIzLWExYzhlNzU4YzBmYw==',
        'User-Agent': 'axios/0.21.1',
        'Content-Length': 178 },
     proxy: null,
     params: {},
     transformRequest: [ [Function: transformRequest] ],
     transformResponse: [ [Function: transformResponse] ],
     timeout: 60000,
     adapter: [Function: httpAdapter],
     xsrfCookieName: 'XSRF-TOKEN',
     xsrfHeaderName: 'X-XSRF-TOKEN',
     maxContentLength: -1,
     maxBodyLength: -1,
     httpsAgent:
      Agent {
        _events: [Object],
        _eventsCount: 1,
        _maxListeners: undefined,
        defaultPort: 443,
        protocol: 'https:',
        options: [Object],
        requests: {},
        sockets: [Object],
        freeSockets: {},
        keepAliveMsecs: 1000,
        keepAlive: true,
        maxSockets: Infinity,
        maxFreeSockets: 256,
        maxCachedSessions: 100,
        _sessionCache: [Object] },
     validateStatus: [Function: validateStatus] },
  code: 'ECONNABORTED' }
[2022-03-07T11:46:15.790] [ERROR] katalon - Cannot send agent info to server: { message: 'timeout of 60000ms exceeded',
  name: 'Error',
  description: undefined,
  number: undefined,
  fileName: undefined,
  lineNumber: undefined,
  columnNumber: undefined,
  stack:
   'Error: timeout of 60000ms exceeded\n    at createError (D:\\snapshot\\katalon-agent\\node_modules\\axios\\lib\\core\\createError.js:16:15)\n    at RedirectableRequest.handleRequestTimeout (D:\\snapshot\\katalon-agent\\node_modules\\axios\\lib\\adapters\\http.js:280:16)\n    at Object.onceWrapper (events.js:286:20)\n    at RedirectableRequest.emit (events.js:198:13)\n    at Timeout._onTimeout (D:\\snapshot\\katalon-agent\\node_modules\\follow-redirects\\index.js:166:13)\n    at ontimeout (timers.js:436:11)\n    at tryOnTimeout (timers.js:300:5)\n    at listOnTimeout (timers.js:263:5)\n    at Timer.processTimers (timers.js:223:10)',
  config:
   { url: 'https://analytics.katalon.com/api/v1/agent',
     method: 'post',
     data:
      '{"uuid":"1645634353111-b2fa7306-86e1-44c2-b3a6-0c206ae6b3b7","name":"My Agent","teamId":"48050","hostname":"L18-0032","ip":"10.0.0.226","os":"Windows 64","agentVersion":"v1.7.3"}',
     headers:
      { Accept: 'application/json, text/plain, */*',
        'Content-Type': 'application/json;charset=utf-8',
        Authorization: 'Basic OjE3NGJkNzViLTBkNDQtNGY0Yi1iNDIzLWExYzhlNzU4YzBmYw==',
        'User-Agent': 'axios/0.21.1',
        'Content-Length': 178 },
     proxy: null,
     params: {},
     transformRequest: [ [Function: transformRequest] ],
     transformResponse: [ [Function: transformResponse] ],
     timeout: 60000,
     adapter: [Function: httpAdapter],
     xsrfCookieName: 'XSRF-TOKEN',
     xsrfHeaderName: 'X-XSRF-TOKEN',
     maxContentLength: -1,
     maxBodyLength: -1,
     httpsAgent:
      Agent {
        _events: [Object],
        _eventsCount: 1,
        _maxListeners: undefined,
        defaultPort: 443,
        protocol: 'https:',
        options: [Object],
        requests: {},
        sockets: [Object],
        freeSockets: {},
        keepAliveMsecs: 1000,
        keepAlive: true,
        maxSockets: Infinity,
        maxFreeSockets: 256,
        maxCachedSessions: 100,
        _sessionCache: [Object] },
     validateStatus: [Function: validateStatus] },
  code: 'ECONNABORTED' }
[2022-03-11T09:43:15.877] [ERROR] katalon - { message:
   'getaddrinfo ENOTFOUND analytics.katalon.com analytics.katalon.com:443',
  name: 'Error',
  description: undefined,
  number: undefined,
  fileName: undefined,
  lineNumber: undefined,
  columnNumber: undefined,
  stack:
   'Error: getaddrinfo ENOTFOUND analytics.katalon.com analytics.katalon.com:443\n    at GetAddrInfoReqWrap.onlookup [as oncomplete] (dns.js:56:26)',
  config:
   { url: 'https://analytics.katalon.com/api/v1/jobs/get-job',
     method: 'get',
     data: null,
     headers:
      { Accept: 'application/json, text/plain, */*',
        Authorization: 'Basic OjE3NGJkNzViLTBkNDQtNGY0Yi1iNDIzLWExYzhlNzU4YzBmYw==',
        'User-Agent': 'axios/0.21.1' },
     proxy: null,
     params:
      { uuid: '1645634353111-b2fa7306-86e1-44c2-b3a6-0c206ae6b3b7',
        teamId: '48050' },
     transformRequest: [ [Function: transformRequest] ],
     transformResponse: [ [Function: transformResponse] ],
     timeout: 60000,
     adapter: [Function: httpAdapter],
     xsrfCookieName: 'XSRF-TOKEN',
     xsrfHeaderName: 'X-XSRF-TOKEN',
     maxContentLength: -1,
     maxBodyLength: -1,
     httpsAgent:
      Agent {
        _events: [Object],
        _eventsCount: 1,
        _maxListeners: undefined,
        defaultPort: 443,
        protocol: 'https:',
        options: [Object],
        requests: {},
        sockets: [Object],
        freeSockets: {},
        keepAliveMsecs: 1000,
        keepAlive: true,
        maxSockets: Infinity,
        maxFreeSockets: 256,
        maxCachedSessions: 100,
        _sessionCache: [Object] },
     validateStatus: [Function: validateStatus] },
  code: 'ENOTFOUND' }
[2022-03-11T09:43:16.998] [ERROR] katalon - { message:
   'getaddrinfo ENOTFOUND analytics.katalon.com analytics.katalon.com:443',
  name: 'Error',
  description: undefined,
  number: undefined,
  fileName: undefined,
  lineNumber: undefined,
  columnNumber: undefined,
  stack:
   'Error: getaddrinfo ENOTFOUND analytics.katalon.com analytics.katalon.com:443\n    at GetAddrInfoReqWrap.onlookup [as oncomplete] (dns.js:56:26)',
  config:
   { url: 'https://analytics.katalon.com/api/v1/jobs/get-job',
     method: 'get',
     data: null,
     headers:
      { Accept: 'application/json, text/plain, */*',
        Authorization: 'Basic OjE3NGJkNzViLTBkNDQtNGY0Yi1iNDIzLWExYzhlNzU4YzBmYw==',
        'User-Agent': 'axios/0.21.1' },
     proxy: null,
     params:
      { uuid: '1645634353111-b2fa7306-86e1-44c2-b3a6-0c206ae6b3b7',
        teamId: '48050' },
     transformRequest: [ [Function: transformRequest] ],
     transformResponse: [ [Function: transformResponse] ],
     timeout: 60000,
     adapter: [Function: httpAdapter],
     xsrfCookieName: 'XSRF-TOKEN',
     xsrfHeaderName: 'X-XSRF-TOKEN',
     maxContentLength: -1,
     maxBodyLength: -1,
     httpsAgent:
      Agent {
        _events: [Object],
        _eventsCount: 1,
        _maxListeners: undefined,
        defaultPort: 443,
        protocol: 'https:',
        options: [Object],
        requests: {},
        sockets: [Object],
        freeSockets: {},
        keepAliveMsecs: 1000,
        keepAlive: true,
        maxSockets: Infinity,
        maxFreeSockets: 256,
        maxCachedSessions: 100,
        _sessionCache: [Object] },
     validateStatus: [Function: validateStatus] },
  code: 'ENOTFOUND' }
[2022-03-11T09:43:17.139] [ERROR] katalon - { message:
   'getaddrinfo ENOTFOUND analytics.katalon.com analytics.katalon.com:443',
  name: 'Error',
  description: undefined,
  number: undefined,
  fileName: undefined,
  lineNumber: undefined,
  columnNumber: undefined,
  stack:
   'Error: getaddrinfo ENOTFOUND analytics.katalon.com analytics.katalon.com:443\n    at GetAddrInfoReqWrap.onlookup [as oncomplete] (dns.js:56:26)',
  config:
   { url: 'https://analytics.katalon.com/api/v1/agent',
     method: 'post',
     data:
      '{"uuid":"1645634353111-b2fa7306-86e1-44c2-b3a6-0c206ae6b3b7","name":"My Agent","teamId":"48050","hostname":"L18-0032","ip":"172.17.164.193","os":"Windows 64","agentVersion":"v1.7.3"}',
     headers:
      { Accept: 'application/json, text/plain, */*',
        'Content-Type': 'application/json;charset=utf-8',
        Authorization: 'Basic OjE3NGJkNzViLTBkNDQtNGY0Yi1iNDIzLWExYzhlNzU4YzBmYw==',
        'User-Agent': 'axios/0.21.1',
        'Content-Length': 182 },
     proxy: null,
     params: {},
     transformRequest: [ [Function: transformRequest] ],
     transformResponse: [ [Function: transformResponse] ],
     timeout: 60000,
     adapter: [Function: httpAdapter],
     xsrfCookieName: 'XSRF-TOKEN',
     xsrfHeaderName: 'X-XSRF-TOKEN',
     maxContentLength: -1,
     maxBodyLength: -1,
     httpsAgent:
      Agent {
        _events: [Object],
        _eventsCount: 1,
        _maxListeners: undefined,
        defaultPort: 443,
        protocol: 'https:',
        options: [Object],
        requests: {},
        sockets: [Object],
        freeSockets: {},
        keepAliveMsecs: 1000,
        keepAlive: true,
        maxSockets: Infinity,
        maxFreeSockets: 256,
        maxCachedSessions: 100,
        _sessionCache: [Object] },
     validateStatus: [Function: validateStatus] },
  code: 'ENOTFOUND' }
[2022-03-11T09:43:17.511] [ERROR] katalon - Cannot send agent info to server: { message:
   'getaddrinfo ENOTFOUND analytics.katalon.com analytics.katalon.com:443',
  name: 'Error',
  description: undefined,
  number: undefined,
  fileName: undefined,
  lineNumber: undefined,
  columnNumber: undefined,
  stack:
   'Error: getaddrinfo ENOTFOUND analytics.katalon.com analytics.katalon.com:443\n    at GetAddrInfoReqWrap.onlookup [as oncomplete] (dns.js:56:26)',
  config:
   { url: 'https://analytics.katalon.com/api/v1/agent',
     method: 'post',
     data:
      '{"uuid":"1645634353111-b2fa7306-86e1-44c2-b3a6-0c206ae6b3b7","name":"My Agent","teamId":"48050","hostname":"L18-0032","ip":"172.17.164.193","os":"Windows 64","agentVersion":"v1.7.3"}',
     headers:
      { Accept: 'application/json, text/plain, */*',
        'Content-Type': 'application/json;charset=utf-8',
        Authorization: 'Basic OjE3NGJkNzViLTBkNDQtNGY0Yi1iNDIzLWExYzhlNzU4YzBmYw==',
        'User-Agent': 'axios/0.21.1',
        'Content-Length': 182 },
     proxy: null,
     params: {},
     transformRequest: [ [Function: transformRequest] ],
     transformResponse: [ [Function: transformResponse] ],
     timeout: 60000,
     adapter: [Function: httpAdapter],
     xsrfCookieName: 'XSRF-TOKEN',
     xsrfHeaderName: 'X-XSRF-TOKEN',
     maxContentLength: -1,
     maxBodyLength: -1,
     httpsAgent:
      Agent {
        _events: [Object],
        _eventsCount: 1,
        _maxListeners: undefined,
        defaultPort: 443,
        protocol: 'https:',
        options: [Object],
        requests: {},
        sockets: [Object],
        freeSockets: {},
        keepAliveMsecs: 1000,
        keepAlive: true,
        maxSockets: Infinity,
        maxFreeSockets: 256,
        maxCachedSessions: 100,
        _sessionCache: [Object] },
     validateStatus: [Function: validateStatus] },
  code: 'ENOTFOUND' }
[2022-03-11T09:44:17.343] [ERROR] katalon - { message:
   'getaddrinfo ENOTFOUND analytics.katalon.com analytics.katalon.com:443',
  name: 'Error',
  description: undefined,
  number: undefined,
  fileName: undefined,
  lineNumber: undefined,
  columnNumber: undefined,
  stack:
   'Error: getaddrinfo ENOTFOUND analytics.katalon.com analytics.katalon.com:443\n    at GetAddrInfoReqWrap.onlookup [as oncomplete] (dns.js:56:26)',
  config:
   { url: 'https://analytics.katalon.com/api/v1/jobs/get-job',
     method: 'get',
     data: null,
     headers:
      { Accept: 'application/json, text/plain, */*',
        Authorization: 'Basic OjE3NGJkNzViLTBkNDQtNGY0Yi1iNDIzLWExYzhlNzU4YzBmYw==',
        'User-Agent': 'axios/0.21.1' },
     proxy: null,
     params:
      { uuid: '1645634353111-b2fa7306-86e1-44c2-b3a6-0c206ae6b3b7',
        teamId: '48050' },
     transformRequest: [ [Function: transformRequest] ],
     transformResponse: [ [Function: transformResponse] ],
     timeout: 60000,
     adapter: [Function: httpAdapter],
     xsrfCookieName: 'XSRF-TOKEN',
     xsrfHeaderName: 'X-XSRF-TOKEN',
     maxContentLength: -1,
     maxBodyLength: -1,
     httpsAgent:
      Agent {
        _events: [Object],
        _eventsCount: 1,
        _maxListeners: undefined,
        defaultPort: 443,
        protocol: 'https:',
        options: [Object],
        requests: {},
        sockets: [Object],
        freeSockets: {},
        keepAliveMsecs: 1000,
        keepAlive: true,
        maxSockets: Infinity,
        maxFreeSockets: 256,
        maxCachedSessions: 100,
        _sessionCache: [Object] },
     validateStatus: [Function: validateStatus] },
  code: 'ENOTFOUND' }
[2022-03-11T09:44:17.387] [ERROR] katalon - { message:
   'getaddrinfo ENOTFOUND analytics.katalon.com analytics.katalon.com:443',
  name: 'Error',
  description: undefined,
  number: undefined,
  fileName: undefined,
  lineNumber: undefined,
  columnNumber: undefined,
  stack:
   'Error: getaddrinfo ENOTFOUND analytics.katalon.com analytics.katalon.com:443\n    at GetAddrInfoReqWrap.onlookup [as oncomplete] (dns.js:56:26)',
  config:
   { url: 'https://analytics.katalon.com/api/v1/jobs/get-job',
     method: 'get',
     data: null,
     headers:
      { Accept: 'application/json, text/plain, */*',
        Authorization: 'Basic OjE3NGJkNzViLTBkNDQtNGY0Yi1iNDIzLWExYzhlNzU4YzBmYw==',
        'User-Agent': 'axios/0.21.1' },
     proxy: null,
     params:
      { uuid: '1645634353111-b2fa7306-86e1-44c2-b3a6-0c206ae6b3b7',
        teamId: '48050' },
     transformRequest: [ [Function: transformRequest] ],
     transformResponse: [ [Function: transformResponse] ],
     timeout: 60000,
     adapter: [Function: httpAdapter],
     xsrfCookieName: 'XSRF-TOKEN',
     xsrfHeaderName: 'X-XSRF-TOKEN',
     maxContentLength: -1,
     maxBodyLength: -1,
     httpsAgent:
      Agent {
        _events: [Object],
        _eventsCount: 1,
        _maxListeners: undefined,
        defaultPort: 443,
        protocol: 'https:',
        options: [Object],
        requests: {},
        sockets: [Object],
        freeSockets: {},
        keepAliveMsecs: 1000,
        keepAlive: true,
        maxSockets: Infinity,
        maxFreeSockets: 256,
        maxCachedSessions: 100,
        _sessionCache: [Object] },
     validateStatus: [Function: validateStatus] },
  code: 'ENOTFOUND' }
[2022-03-11T09:44:17.390] [ERROR] katalon - { message:
   'getaddrinfo ENOTFOUND analytics.katalon.com analytics.katalon.com:443',
  name: 'Error',
  description: undefined,
  number: undefined,
  fileName: undefined,
  lineNumber: undefined,
  columnNumber: undefined,
  stack:
   'Error: getaddrinfo ENOTFOUND analytics.katalon.com analytics.katalon.com:443\n    at GetAddrInfoReqWrap.onlookup [as oncomplete] (dns.js:56:26)',
  config:
   { url: 'https://analytics.katalon.com/api/v1/agent',
     method: 'post',
     data:
      '{"uuid":"1645634353111-b2fa7306-86e1-44c2-b3a6-0c206ae6b3b7","name":"My Agent","teamId":"48050","hostname":"L18-0032","ip":"172.17.164.193","os":"Windows 64","agentVersion":"v1.7.3"}',
     headers:
      { Accept: 'application/json, text/plain, */*',
        'Content-Type': 'application/json;charset=utf-8',
        Authorization: 'Basic OjE3NGJkNzViLTBkNDQtNGY0Yi1iNDIzLWExYzhlNzU4YzBmYw==',
        'User-Agent': 'axios/0.21.1',
        'Content-Length': 182 },
     proxy: null,
     params: {},
     transformRequest: [ [Function: transformRequest] ],
     transformResponse: [ [Function: transformResponse] ],
     timeout: 60000,
     adapter: [Function: httpAdapter],
     xsrfCookieName: 'XSRF-TOKEN',
     xsrfHeaderName: 'X-XSRF-TOKEN',
     maxContentLength: -1,
     maxBodyLength: -1,
     httpsAgent:
      Agent {
        _events: [Object],
        _eventsCount: 1,
        _maxListeners: undefined,
        defaultPort: 443,
        protocol: 'https:',
        options: [Object],
        requests: {},
        sockets: [Object],
        freeSockets: {},
        keepAliveMsecs: 1000,
        keepAlive: true,
        maxSockets: Infinity,
        maxFreeSockets: 256,
        maxCachedSessions: 100,
        _sessionCache: [Object] },
     validateStatus: [Function: validateStatus] },
  code: 'ENOTFOUND' }
[2022-03-11T09:44:17.394] [ERROR] katalon - Cannot send agent info to server: { message:
   'getaddrinfo ENOTFOUND analytics.katalon.com analytics.katalon.com:443',
  name: 'Error',
  description: undefined,
  number: undefined,
  fileName: undefined,
  lineNumber: undefined,
  columnNumber: undefined,
  stack:
   'Error: getaddrinfo ENOTFOUND analytics.katalon.com analytics.katalon.com:443\n    at GetAddrInfoReqWrap.onlookup [as oncomplete] (dns.js:56:26)',
  config:
   { url: 'https://analytics.katalon.com/api/v1/agent',
     method: 'post',
     data:
      '{"uuid":"1645634353111-b2fa7306-86e1-44c2-b3a6-0c206ae6b3b7","name":"My Agent","teamId":"48050","hostname":"L18-0032","ip":"172.17.164.193","os":"Windows 64","agentVersion":"v1.7.3"}',
     headers:
      { Accept: 'application/json, text/plain, */*',
        'Content-Type': 'application/json;charset=utf-8',
        Authorization: 'Basic OjE3NGJkNzViLTBkNDQtNGY0Yi1iNDIzLWExYzhlNzU4YzBmYw==',
        'User-Agent': 'axios/0.21.1',
        'Content-Length': 182 },
     proxy: null,
     params: {},
     transformRequest: [ [Function: transformRequest] ],
     transformResponse: [ [Function: transformResponse] ],
     timeout: 60000,
     adapter: [Function: httpAdapter],
     xsrfCookieName: 'XSRF-TOKEN',
     xsrfHeaderName: 'X-XSRF-TOKEN',
     maxContentLength: -1,
     maxBodyLength: -1,
     httpsAgent:
      Agent {
        _events: [Object],
        _eventsCount: 1,
        _maxListeners: undefined,
        defaultPort: 443,
        protocol: 'https:',
        options: [Object],
        requests: {},
        sockets: [Object],
        freeSockets: {},
        keepAliveMsecs: 1000,
        keepAlive: true,
        maxSockets: Infinity,
        maxFreeSockets: 256,
        maxCachedSessions: 100,
        _sessionCache: [Object] },
     validateStatus: [Function: validateStatus] },
  code: 'ENOTFOUND' }
